TouTiao/proguard/seeds.txt
com.yingshi.toutiao.FavoritesActivity
com.yingshi.toutiao.FavoritesActivity: FavoritesActivity()
com.yingshi.toutiao.LoginActivity
com.yingshi.toutiao.LoginActivity: LoginActivity()
com.yingshi.toutiao.LoginActivity: void loginQQ(android.view.View)
com.yingshi.toutiao.LoginActivity: void loginWeibo(android.view.View)
com.yingshi.toutiao.LoginActivity: void loginWeixin(android.view.View)
com.yingshi.toutiao.LoginActivity: void enter(android.view.View)
com.yingshi.toutiao.MainActivity
com.yingshi.toutiao.MainActivity: MainActivity()
com.yingshi.toutiao.NewsDetailActivity
com.yingshi.toutiao.NewsDetailActivity: NewsDetailActivity()
com.yingshi.toutiao.NewsDetailActivity: void playVideo(android.view.View)
com.yingshi.toutiao.NewsDetailActivity: void share(android.view.View)
com.yingshi.toutiao.NewsDetailActivity: void addToFavorites(android.view.View)
com.yingshi.toutiao.NewsDetailActivity: void loadComments(android.view.View)
com.yingshi.toutiao.NewsDetailActivity: void shareWeiChat(android.view.View)
com.yingshi.toutiao.NewsDetailActivity: void shareWeibo(android.view.View)
com.yingshi.toutiao.NewsDetailActivity: void shareQQ(android.view.View)
com.yingshi.toutiao.NewsDetailActivity: void cancelShare(android.view.View)
com.yingshi.toutiao.R$anim: int slide_in_from_bottom
com.yingshi.toutiao.R$anim: int slide_in_from_top
com.yingshi.toutiao.R$anim: int slide_out_to_bottom
com.yingshi.toutiao.R$anim: int slide_out_to_top
com.yingshi.toutiao.R$attr: int behindOffset
com.yingshi.toutiao.R$attr: int behindScrollScale
com.yingshi.toutiao.R$attr: int behindWidth
com.yingshi.toutiao.R$attr: int fadeDegree
com.yingshi.toutiao.R$attr: int fadeEnabled
com.yingshi.toutiao.R$attr: int mode
com.yingshi.toutiao.R$attr: int ptrAdapterViewBackground
com.yingshi.toutiao.R$attr: int ptrAnimationStyle
com.yingshi.toutiao.R$attr: int ptrDrawable
com.yingshi.toutiao.R$attr: int ptrDrawableBottom
com.yingshi.toutiao.R$attr: int ptrDrawableEnd
com.yingshi.toutiao.R$attr: int ptrDrawableStart
com.yingshi.toutiao.R$attr: int ptrDrawableTop
com.yingshi.toutiao.R$attr: int ptrHeaderBackground
com.yingshi.toutiao.R$attr: int ptrHeaderSubTextColor
com.yingshi.toutiao.R$attr: int ptrHeaderTextAppearance
com.yingshi.toutiao.R$attr: int ptrHeaderTextColor
com.yingshi.toutiao.R$attr: int ptrListViewExtrasEnabled
com.yingshi.toutiao.R$attr: int ptrMode
com.yingshi.toutiao.R$attr: int ptrOverScroll
com.yingshi.toutiao.R$attr: int ptrRefreshableViewBackground
com.yingshi.toutiao.R$attr: int ptrRotateDrawableWhilePulling
com.yingshi.toutiao.R$attr: int ptrScrollingWhileRefreshingEnabled
com.yingshi.toutiao.R$attr: int ptrShowIndicator
com.yingshi.toutiao.R$attr: int ptrSubHeaderTextAppearance
com.yingshi.toutiao.R$attr: int selectorDrawable
com.yingshi.toutiao.R$attr: int selectorEnabled
com.yingshi.toutiao.R$attr: int shadowDrawable
com.yingshi.toutiao.R$attr: int shadowWidth
com.yingshi.toutiao.R$attr: int touchModeAbove
com.yingshi.toutiao.R$color: int action_bar_selected
com.yingshi.toutiao.R$color: int action_bar_text_color
com.yingshi.toutiao.R$color: int action_bar_unselected
com.yingshi.toutiao.R$color: int black
com.yingshi.toutiao.R$color: int blue
com.yingshi.toutiao.R$color: int category_desc_color
com.yingshi.toutiao.R$color: int com_sina_weibo_sdk_blue
com.yingshi.toutiao.R$color: int com_sina_weibo_sdk_loginview_text_color
com.yingshi.toutiao.R$color: int dark_yellow
com.yingshi.toutiao.R$color: int deep_gray
com.yingshi.toutiao.R$color: int gray
com.yingshi.toutiao.R$color: int header_text_color
com.yingshi.toutiao.R$color: int pink
com.yingshi.toutiao.R$color: int red
com.yingshi.toutiao.R$color: int white
com.yingshi.toutiao.R$color: int yellow
...
com.sina.weibo.sdk.api.BaseMediaObject
com.sina.weibo.sdk.api.BaseMediaObject: int MEDIA_TYPE_TEXT
com.sina.weibo.sdk.api.BaseMediaObject: int MEDIA_TYPE_IMAGE
com.sina.weibo.sdk.api.BaseMediaObject: int MEDIA_TYPE_MUSIC
com.sina.weibo.sdk.api.BaseMediaObject: int MEDIA_TYPE_VIDEO
com.sina.weibo.sdk.api.BaseMediaObject: int MEDIA_TYPE_WEBPAGE
com.sina.weibo.sdk.api.BaseMediaObject: int MEDIA_TYPE_VOICE
com.sina.weibo.sdk.api.BaseMediaObject: int MEDIA_TYPE_CMD
com.sina.weibo.sdk.api.BaseMediaObject: java.lang.String actionUrl
com.sina.weibo.sdk.api.BaseMediaObject: java.lang.String schema
com.sina.weibo.sdk.api.BaseMediaObject: java.lang.String identify
com.sina.weibo.sdk.api.BaseMediaObject: java.lang.String title
com.sina.weibo.sdk.api.BaseMediaObject: java.lang.String description
com.sina.weibo.sdk.api.BaseMediaObject: byte[] thumbData
com.sina.weibo.sdk.api.BaseMediaObject: BaseMediaObject()
com.sina.weibo.sdk.api.BaseMediaObject: BaseMediaObject(android.os.Parcel)
com.sina.weibo.sdk.api.BaseMediaObject: void setThumbImage(android.graphics.Bitmap)
com.sina.weibo.sdk.api.BaseMediaObject: int describeContents()
com.sina.weibo.sdk.api.BaseMediaObject: void writeToParcel(android.os.Parcel,int)
com.sina.weibo.sdk.api.BaseMediaObject: int getObjType()
com.sina.weibo.sdk.api.CmdObject
com.sina.weibo.sdk.api.CmdObject: java.lang.String cmd
com.sina.weibo.sdk.api.CmdObject: java.lang.String CMD_HOME
com.sina.weibo.sdk.api.CmdObject: android.os.Parcelable$Creator CREATOR
com.sina.weibo.sdk.api.CmdObject: CmdObject()
com.sina.weibo.sdk.api.CmdObject: CmdObject(android.os.Parcel)
com.sina.weibo.sdk.api.CmdObject: int describeContents()
com.sina.weibo.sdk.api.CmdObject: void writeToParcel(android.os.Parcel,int)
com.sina.weibo.sdk.api.CmdObject: boolean checkArgs()
com.sina.weibo.sdk.api.CmdObject: int getObjType()
com.sina.weibo.sdk.api.ImageObject
com.sina.weibo.sdk.api.ImageObject: byte[] imageData
com.sina.weibo.sdk.api.ImageObject: java.lang.String imagePath
com.sina.weibo.sdk.api.ImageObject: android.os.Parcelable$Creator CREATOR
com.sina.weibo.sdk.api.ImageObject: ImageObject()
com.sina.weibo.sdk.api.ImageObject: ImageObject(android.os.Parcel)
com.sina.weibo.sdk.api.ImageObject: void setImageObject(android.graphics.Bitmap)
com.sina.weibo.sdk.api.ImageObject: int describeContents()
com.sina.weibo.sdk.api.ImageObject: void writeToParcel(android.os.Parcel,int)
com.sina.weibo.sdk.api.ImageObject: boolean checkArgs()
com.sina.weibo.sdk.api.ImageObject: int getObjType()
com.sina.weibo.sdk.api.MusicObject
com.sina.weibo.sdk.api.MusicObject: java.lang.String EXTRA_KEY_DEFAULTTEXT
com.sina.weibo.sdk.api.MusicObject: java.lang.String defaultText
com.sina.weibo.sdk.api.MusicObject: java.lang.String h5Url
com.sina.weibo.sdk.api.MusicObject: java.lang.String dataUrl
com.sina.weibo.sdk.api.MusicObject: java.lang.String dataHdUrl
com.sina.weibo.sdk.api.MusicObject: int duration
com.sina.weibo.sdk.api.MusicObject: android.os.Parcelable$Creator CREATOR
com.sina.weibo.sdk.api.MusicObject: MusicObject()
com.sina.weibo.sdk.api.MusicObject: MusicObject(android.os.Parcel)
com.sina.weibo.sdk.api.MusicObject: void writeToParcel(android.os.Parcel,int)
com.sina.weibo.sdk.api.MusicObject: boolean checkArgs()
com.sina.weibo.sdk.api.MusicObject: int getObjType()
com.sina.weibo.sdk.api.TextObject
com.sina.weibo.sdk.api.TextObject: java.lang.String text
com.sina.weibo.sdk.api.TextObject: android.os.Parcelable$Creator CREATOR
com.sina.weibo.sdk.api.TextObject: TextObject()
com.sina.weibo.sdk.api.TextObject: TextObject(android.os.Parcel)
com.sina.weibo.sdk.api.TextObject: int describeContents()
com.sina.weibo.sdk.api.TextObject: void writeToParcel(android.os.Parcel,int)
com.sina.weibo.sdk.api.TextObject: boolean checkArgs()
com.sina.weibo.sdk.api.TextObject: int getObjType()