TouTiao/proguard/mapping.txt
com.yingshi.toutiao.FavoritesActivity -> com.yingshi.toutiao.FavoritesActivity:
    void onCreate(android.os.Bundle) -> onCreate
com.yingshi.toutiao.FavoritesActivity$1 -> gD:
    com.yingshi.toutiao.FavoritesActivity this$0 -> a
    void onClick(android.view.View) -> onClick
com.yingshi.toutiao.FavoritesActivity$FavoritesFragment -> gE:
    com.yingshi.toutiao.actions.GetFavoritesAction mGetFavoritesAction -> N
    com.yingshi.toutiao.view.ptr.PTRListAdapter mNewsListAdapter -> O
    boolean mIsLoaded -> P
    void onActivityCreated(android.os.Bundle) -> c
    void onCreate(android.os.Bundle) -> b
    void onPullDownToRefresh$4d958ae5() -> a_
    void onPullUpToRefresh$4d958ae5() -> b_
    com.yingshi.toutiao.view.ptr.HeaderLoadingSupportPTRListFragment$ViewHolder createHeaderView(android.view.LayoutInflater) -> a
    void access$0(com.yingshi.toutiao.FavoritesActivity$FavoritesFragment,boolean) -> a
    com.yingshi.toutiao.view.ptr.PTRListAdapter access$1(com.yingshi.toutiao.FavoritesActivity$FavoritesFragment) -> a
    void access$2(com.yingshi.toutiao.FavoritesActivity$FavoritesFragment,com.yingshi.toutiao.view.ptr.PTRListAdapter) -> a
    void access$3(com.yingshi.toutiao.FavoritesActivity$FavoritesFragment) -> b
    void access$4(com.yingshi.toutiao.FavoritesActivity$FavoritesFragment) -> c
    com.yingshi.toutiao.actions.GetFavoritesAction access$5(com.yingshi.toutiao.FavoritesActivity$FavoritesFragment) -> d
    void access$6(com.yingshi.toutiao.FavoritesActivity$FavoritesFragment,com.yingshi.toutiao.actions.GetFavoritesAction) -> a
com.yingshi.toutiao.FavoritesActivity$FavoritesFragment$1 -> gF:
    com.yingshi.toutiao.FavoritesActivity$FavoritesFragment this$1 -> a
    void onFailure$30c4fd98() -> a
    void onSuccess(java.lang.Object) -> a
com.yingshi.toutiao.FavoritesActivity$FavoritesFragment$2 -> gG:
    com.yingshi.toutiao.FavoritesActivity$FavoritesFragment this$1 -> a
    void onFailure$30c4fd98() -> a
    void onSuccess(java.lang.Object) -> a
com.yingshi.toutiao.LoginActivity -> com.yingshi.toutiao.LoginActivity:
    com.yingshi.toutiao.social.ISocialProvider mAuthProvider -> a
    com.yingshi.toutiao.TouTiaoApp mApp -> b
    void onCreate(android.os.Bundle) -> onCreate
    void loginQQ(android.view.View) -> loginQQ
    void loginWeibo(android.view.View) -> loginWeibo
    void loginWeixin(android.view.View) -> loginWeixin
    void enter(android.view.View) -> enter
    void onLoginSuccess(com.yingshi.toutiao.social.AccountInfo) -> a
    void onFailure(java.lang.String) -> a
    void onGetAccountInfo(com.yingshi.toutiao.social.AccountInfo) -> b
    void showHomeActivity() -> a
    com.yingshi.toutiao.TouTiaoApp access$0(com.yingshi.toutiao.LoginActivity) -> a
com.yingshi.toutiao.LoginActivity$1 -> gH:
    com.yingshi.toutiao.LoginActivity this$0 -> a
    com.yingshi.toutiao.social.AccountInfo val$accountInfo -> b
    java.lang.Void doInBackground$10299ca() -> b
    java.lang.Object doInBackground(java.lang.Object[]) -> doInBackground
...
com.tencent.utils.Util$1 -> gn:
    android.content.Context a -> a
    android.os.Bundle b -> b
    void run() -> run
com.tencent.utils.Util$Statistic -> com.tencent.utils.Util$Statistic:
    java.lang.String response -> response
    long reqSize -> reqSize
    long rspSize -> rspSize
com.tencent.weiyun.FileManager -> com.tencent.weiyun.FileManager:
    java.lang.String[] a -> e
    java.lang.String[] b -> f
    void getFileList(com.tencent.weiyun.FileManager$WeiyunFileType,com.tencent.weiyun.IGetFileListListener) -> getFileList
    void deleteFile(com.tencent.weiyun.FileManager$WeiyunFileType,java.lang.String,com.tencent.tauth.IUiListener) -> deleteFile
    void downLoadFile(com.tencent.weiyun.FileManager$WeiyunFileType,com.tencent.weiyun.WeiyunFile,java.lang.String,com.tencent.weiyun.IDownLoadFileCallBack) -> downLoadFile
    void downLoadThumb(com.tencent.weiyun.WeiyunFile,java.lang.String,java.lang.String,com.tencent.weiyun.IDownLoadFileCallBack) -> downLoadThumb
    void uploadFile(com.tencent.weiyun.FileManager$WeiyunFileType,java.lang.String,com.tencent.weiyun.IUploadFileCallBack) -> uploadFile
    android.os.Bundle a(com.tencent.weiyun.FileManager) -> a
    com.tencent.connect.auth.QQToken b(com.tencent.weiyun.FileManager) -> b
    android.os.Bundle c(com.tencent.weiyun.FileManager) -> c
    com.tencent.connect.auth.QQToken d(com.tencent.weiyun.FileManager) -> d
com.tencent.weiyun.FileManager$DownLoadImp -> go:
    android.content.Context mContext -> a
    com.tencent.weiyun.FileManager$WeiyunFileType mFileType -> b
    com.tencent.weiyun.WeiyunFile mWeiyunFile -> c
    java.lang.String mSavePath -> d
    com.tencent.weiyun.IDownLoadFileCallBack mCallback -> e
    android.os.Handler mHandler -> f
    java.io.File mFile -> o
    java.lang.String mDownloadEncryptUrl -> g
    java.lang.String mDownloadCookieName -> h
    java.lang.String mDownloadCookieValue -> i
    java.lang.String mDownloadServerHost -> j
    int mDownloadServerPort -> k
    java.lang.String mDownloadThumbSize -> l
    java.lang.String mThumbSize -> m
    com.tencent.weiyun.FileManager this$0 -> n
    void start() -> a
com.tencent.weiyun.FileManager$DownLoadImp$1 -> gp:
    com.tencent.weiyun.FileManager$DownLoadImp this$1 -> a
    void handleMessage(android.os.Message) -> handleMessage
com.tencent.weiyun.FileManager$DownLoadImp$2 -> gq:
    com.tencent.weiyun.FileManager$DownLoadImp this$1 -> a
    void run() -> run
com.tencent.weiyun.FileManager$DownLoadImp$3 -> gr:
    com.tencent.weiyun.FileManager$DownLoadImp this$1 -> a
    void run() -> run
com.tencent.weiyun.FileManager$GetFileListListener -> gs:
    com.tencent.weiyun.IGetFileListListener mListener -> a
    void onComplete(java.lang.Object) -> onComplete
    void onError(com.tencent.tauth.UiError) -> onError
    void onCancel() -> onCancel
com.tencent.weiyun.FileManager$UploadFileImp -> gt:
    android.content.Context mContext -> a
    com.tencent.weiyun.FileManager$WeiyunFileType mFileType -> b
    java.lang.String mFilePath -> c
    com.tencent.weiyun.IUploadFileCallBack mCallback -> d
    android.os.Handler mHandler -> e
    long mFileSize -> f
    java.lang.String mFileKey -> g
    java.lang.String mMD5Hash -> h
    byte[] mUKey -> i
    java.lang.String mHost -> j
    com.tencent.weiyun.FileManager this$0 -> k
    byte[] packPostBody(byte[],int,int) -> a
com.tencent.weiyun.FileManager$UploadFileImp$1 -> gu:
    com.tencent.weiyun.FileManager$UploadFileImp this$1 -> a
    void handleMessage(android.os.Message) -> handleMessage
com.tencent.weiyun.FileManager$UploadFileImp$2 -> gv:
    com.tencent.weiyun.FileManager$UploadFileImp this$1 -> a
    void run() -> run
com.tencent.weiyun.FileManager$UploadFileImp$3 -> gw:
    com.tencent.weiyun.FileManager$UploadFileImp this$1 -> a
    void run() -> run