TouTiao/proguard/usage.txt
com.yingshi.toutiao.BuildConfig
com.yingshi.toutiao.Constants
com.yingshi.toutiao.FavoritesActivity:
    public static final java.lang.String tag
com.yingshi.toutiao.LoginActivity:
    private static final java.lang.String tag
com.yingshi.toutiao.MainActivity:
    public static final java.lang.String INTENT_EXTRA_SHOW_USER_CENTER
com.yingshi.toutiao.MainActivity$MainPagerAdapter:
    public static final java.lang.String tag
com.yingshi.toutiao.MainFragment:
    private static final java.lang.String tag
com.yingshi.toutiao.MainFragment$PhotoPagerAdapter:
    public static final java.lang.String tag
com.yingshi.toutiao.MainPhotoFragment:
    private static final java.lang.String tag
com.yingshi.toutiao.MainUserCenterFragment:
    private static final java.lang.String tag
com.yingshi.toutiao.NewsDetailActivity:
    private static final java.lang.String tag
    private static final java.lang.String NEWS_URL
com.yingshi.toutiao.NewsDownloader:
    private static final java.lang.String tag
    private static final int CORE_POOL_SIZE
    private static final int MAXIMUM_POOL_SIZE
    private static final int KEEP_ALIVE
com.yingshi.toutiao.R
com.yingshi.toutiao.R$anim
com.yingshi.toutiao.R$attr
com.yingshi.toutiao.R$color
com.yingshi.toutiao.R$dimen
com.yingshi.toutiao.R$drawable
com.yingshi.toutiao.R$id
com.yingshi.toutiao.R$layout
com.yingshi.toutiao.R$string
com.yingshi.toutiao.R$style
com.yingshi.toutiao.R$styleable
com.yingshi.toutiao.SearchActivity:
    public static final java.lang.String INTENT_EXTRA_SPECIAL_ID
com.yingshi.toutiao.SpecialNewsFragment:
    private static final java.lang.String tag
com.yingshi.toutiao.TouTiaoApp:
    private static final java.lang.String tag
com.yingshi.toutiao.WXEntryActivity:
    private static final java.lang.String tag
com.yingshi.toutiao.actions.AbstractAction:
    private static final java.lang.String tag
    private static final java.lang.String URL
    210:211:public void execute(com.yingshi.toutiao.actions.AbstractAction$BackgroundCallBack)
    223:224:public void executeOnExecutor(com.yingshi.toutiao.actions.AbstractAction$BackgroundCallBack,java.util.concurrent.Executor)
    227:228:public void executeOnExecutor(com.yingshi.toutiao.actions.AbstractAction$UICallBack,java.util.concurrent.Executor)
    247:250:public void cancel()
com.yingshi.toutiao.actions.AbstractAction$ActionError:
    50:50:public com.yingshi.toutiao.actions.AbstractAction$ErrorCode getError()
    53:54:public void setError(com.yingshi.toutiao.actions.AbstractAction$ErrorCode)
    56:56:public java.lang.String getMessage()
    59:60:public void setMessage(java.lang.String)
com.yingshi.toutiao.actions.AbstractAction$ErrorCode:
    1:1:public static com.yingshi.toutiao.actions.AbstractAction$ErrorCode[] values()
    1:1:public static com.yingshi.toutiao.actions.AbstractAction$ErrorCode valueOf(java.lang.String)
com.yingshi.toutiao.actions.AddCommentAction
com.yingshi.toutiao.actions.GetCommentsAction:
    private static final java.lang.String tag
    private static final java.lang.String NAME
    private static final java.lang.String NEWS_ID
com.yingshi.toutiao.actions.GetFavoritesAction:
    private static final java.lang.String tag
    private static final java.lang.String NAME
com.yingshi.toutiao.actions.GetFocusAction:
    private static final java.lang.String tag
    private static final java.lang.String NAME
com.yingshi.toutiao.actions.GetNewsAction:
    private static final java.lang.String tag
    private static final java.lang.String NAME
com.yingshi.toutiao.actions.GetSpecialAction:
    private static final java.lang.String tag
    private static final java.lang.String NAME
com.yingshi.toutiao.actions.GetSpecialNewsAction:
    private static final java.lang.String tag
    private static final java.lang.String NAME
com.yingshi.toutiao.actions.JSONConstants
...
android.support.v4.widget.ResourceCursorAdapter
android.support.v4.widget.ScrollerCompat:
    private static final java.lang.String TAG
    static final int CHASE_FRAME_TIME
    246:246:public static android.support.v4.widget.ScrollerCompat create(android.content.Context)
    325:325:public float getCurrVelocity()
    352:353:public void startScroll(int,int,int,int)
    393:394:public void fling(int,int,int,int,int,int,int,int)
    421:423:public void fling(int,int,int,int,int,int,int,int,int,int)
    448:449:public void notifyHorizontalEdgeReached(int,int,int)
    465:466:public void notifyVerticalEdgeReached(int,int,int)
    482:482:public boolean isOverScrolled()
android.support.v4.widget.ScrollerCompat$ScrollerCompatImpl:
    public abstract float getCurrVelocity(java.lang.Object)
    public abstract void startScroll(java.lang.Object,int,int,int,int)
    public abstract void fling(java.lang.Object,int,int,int,int,int,int,int,int)
    public abstract void fling(java.lang.Object,int,int,int,int,int,int,int,int,int,int)
    public abstract void notifyHorizontalEdgeReached(java.lang.Object,int,int,int)
    public abstract void notifyVerticalEdgeReached(java.lang.Object,int,int,int)
    public abstract boolean isOverScrolled(java.lang.Object)
android.support.v4.widget.ScrollerCompat$ScrollerCompatImplBase:
    85:85:public float getCurrVelocity(java.lang.Object)
    96:97:public void startScroll(java.lang.Object,int,int,int,int)
    108:109:public void fling(java.lang.Object,int,int,int,int,int,int,int,int)
    114:115:public void fling(java.lang.Object,int,int,int,int,int,int,int,int,int,int)
    126:126:public void notifyHorizontalEdgeReached(java.lang.Object,int,int,int)
    131:131:public void notifyVerticalEdgeReached(java.lang.Object,int,int,int)
    136:136:public boolean isOverScrolled(java.lang.Object)
android.support.v4.widget.ScrollerCompat$ScrollerCompatImplGingerbread:
    173:173:public float getCurrVelocity(java.lang.Object)
    183:184:public void startScroll(java.lang.Object,int,int,int,int)
    195:197:public void fling(java.lang.Object,int,int,int,int,int,int,int,int)
    202:204:public void fling(java.lang.Object,int,int,int,int,int,int,int,int,int,int)
    214:215:public void notifyHorizontalEdgeReached(java.lang.Object,int,int,int)
    219:220:public void notifyVerticalEdgeReached(java.lang.Object,int,int,int)
    224:224:public boolean isOverScrolled(java.lang.Object)
android.support.v4.widget.ScrollerCompat$ScrollerCompatImplIcs:
    241:241:public float getCurrVelocity(java.lang.Object)
android.support.v4.widget.ScrollerCompatGingerbread:
    24:24:ScrollerCompatGingerbread()
    47:48:public static void startScroll(java.lang.Object,int,int,int,int)
    57:58:public static void fling(java.lang.Object,int,int,int,int,int,int,int,int)
    62:64:public static void fling(java.lang.Object,int,int,int,int,int,int,int,int,int,int)
    72:73:public static void notifyHorizontalEdgeReached(java.lang.Object,int,int,int)
    76:77:public static void notifyVerticalEdgeReached(java.lang.Object,int,int,int)
    80:80:public static boolean isOverScrolled(java.lang.Object)
android.support.v4.widget.ScrollerCompatIcs
android.support.v4.widget.SearchViewCompat
android.support.v4.widget.SearchViewCompat$OnCloseListenerCompat
android.support.v4.widget.SearchViewCompat$OnQueryTextListenerCompat
android.support.v4.widget.SearchViewCompat$SearchViewCompatHoneycombImpl
android.support.v4.widget.SearchViewCompat$SearchViewCompatHoneycombImpl$1
android.support.v4.widget.SearchViewCompat$SearchViewCompatHoneycombImpl$2
android.support.v4.widget.SearchViewCompat$SearchViewCompatIcsImpl
android.support.v4.widget.SearchViewCompat$SearchViewCompatImpl
android.support.v4.widget.SearchViewCompat$SearchViewCompatStubImpl
android.support.v4.widget.SearchViewCompatHoneycomb
android.support.v4.widget.SearchViewCompatHoneycomb$1
android.support.v4.widget.SearchViewCompatHoneycomb$2